<?xml version="1.0" encoding="UTF-8"?>
<!-- Generated by org.testng.reporters.JUnitReportReporter -->
<testsuite hostname="DESKTOP-D4K75HQ" failures="0" tests="1" name="edu.eci.arsw.bomberman.AppTest" time="0.010" errors="0" timestamp="2023-04-04T17:44:43 COT" skipped="0">
  <testcase classname="edu.eci.arsw.bomberman.AppTest" name="testApp" time="0.010"/>
  <system-out/>
</testsuite> <!-- edu.eci.arsw.bomberman.AppTest -->
